HikariPool-1 - Thread starvation or clock leap detected (housekeeper delta=27m4s649ms).
HikariPool-1 - Thread starvation or clock leap detected (housekeeper delta=26m43s206ms).
HikariPool-1 - Thread starvation or clock leap detected (housekeeper delta=5m51s562ms).
HikariPool-1 - Thread starvation or clock leap detected (housekeeper delta=26m47s813ms).
HikariPool-1 - Retrograde clock change detected (housekeeper delta=29s193ms), soft-evicting connections from pool.
HikariPool-1 - Thread starvation or clock leap detected (housekeeper delta=26m44s167ms).
HikariPool-1 - Thread starvation or clock leap detected (housekeeper delta=5m45s597ms).
HikariPool-1 - Thread starvation or clock leap detected (housekeeper delta=26m47s811ms).
HikariPool-1 - Thread starvation or clock leap detected (housekeeper delta=2m21s183ms).
HikariPool-1 - Thread starvation or clock leap detected (housekeeper delta=30m7s294ms).
HikariPool-1 - Thread starvation or clock leap detected (housekeeper delta=26m47s740ms).
HikariPool-1 - Thread starvation or clock leap detected (housekeeper delta=26m44s198ms).
HikariPool-1 - Thread starvation or clock leap detected (housekeeper delta=5m43s517ms).
HikariPool-1 - Thread starvation or clock leap detected (housekeeper delta=27m3s967ms).
HikariPool-1 - Thread starvation or clock leap detected (housekeeper delta=26m43s578ms).
HikariPool-1 - Thread starvation or clock leap detected (housekeeper delta=5m50s321ms).
HikariPool-1 - Thread starvation or clock leap detected (housekeeper delta=26m49s186ms).
HikariPool-1 - Thread starvation or clock leap detected (housekeeper delta=26m42s691ms).
HikariPool-1 - Thread starvation or clock leap detected (housekeeper delta=5m44s208ms).
HikariPool-1 - Thread starvation or clock leap detected (housekeeper delta=26m47s206ms).
HikariPool-1 - Thread starvation or clock leap detected (housekeeper delta=26m44s158ms).
HikariPool-1 - Thread starvation or clock leap detected (housekeeper delta=5m45s256ms).
HikariPool-1 - Thread starvation or clock leap detected (housekeeper delta=27m5s107ms).
HikariPool-1 - Thread starvation or clock leap detected (housekeeper delta=26m43s244ms).
HikariPool-1 - Thread starvation or clock leap detected (housekeeper delta=5m51s263ms).
HikariPool-1 - Thread starvation or clock leap detected (housekeeper delta=27m5s44ms).
HikariPool-1 - Thread starvation or clock leap detected (housekeeper delta=26m43s240ms).
HikariPool-1 - Thread starvation or clock leap detected (housekeeper delta=5m50s505ms).
HikariPool-1 - Thread starvation or clock leap detected (housekeeper delta=12m9s15ms).
Shutting down ExecutorService 'applicationTaskExecutor'
Closing JPA EntityManagerFactory for persistence unit 'default'
HikariPool-1 - Shutdown initiated...
HikariPool-1 - Shutdown completed.
Starting SellApplication on xsshuaideMacBook-Pro.local with PID 3939 (/Users/xsshuai/Documents/work/sell/target/classes started by xsshuai in /Users/xsshuai/Documents/work/sell)
No active profile set, falling back to default profiles: default
Bootstrapping Spring Data repositories in DEFAULT mode.
Finished Spring Data repository scanning in 84ms. Found 4 repository interfaces.
Bean 'org.springframework.transaction.annotation.ProxyTransactionManagementConfiguration' of type [org.springframework.transaction.annotation.ProxyTransactionManagementConfiguration$$EnhancerBySpringCGLIB$$84d51e3c] is not eligible for getting processed by all BeanPostProcessors (for example: not eligible for auto-proxying)
Tomcat initialized with port(s): 8080 (http)
Initializing ProtocolHandler ["http-nio-8080"]
Starting service [Tomcat]
Starting Servlet Engine: Apache Tomcat/9.0.12
The APR based Apache Tomcat Native library which allows optimal performance in production environments was not found on the java.library.path: [/Users/xsshuai/Library/Java/Extensions:/Library/Java/Extensions:/Network/Library/Java/Extensions:/System/Library/Java/Extensions:/usr/lib/java:.]
Initializing Spring embedded WebApplicationContext
Root WebApplicationContext: initialization completed in 1597 ms
Servlet dispatcherServlet mapped to [/]
Mapping filter: 'characterEncodingFilter' to: [/*]
Mapping filter: 'hiddenHttpMethodFilter' to: [/*]
Mapping filter: 'formContentFilter' to: [/*]
Mapping filter: 'requestContextFilter' to: [/*]
HikariPool-1 - Starting...
Registered driver with driverClassName=com.mysql.jdbc.Driver was not found, trying direct instantiation.
HikariPool-1 - Start completed.
HHH000204: Processing PersistenceUnitInfo [
	name: default
	...]
HHH000412: Hibernate Core {5.3.7.Final}
HHH000206: hibernate.properties not found
HCANN000001: Hibernate Commons Annotations {5.0.4.Final}
HHH000400: Using dialect: org.hibernate.dialect.MySQL5Dialect
Initialized JPA EntityManagerFactory for persistence unit 'default'
Initializing ExecutorService 'applicationTaskExecutor'
spring.jpa.open-in-view is enabled by default. Therefore, database queries may be performed during view rendering. Explicitly configure spring.jpa.open-in-view to disable this warning
Starting ProtocolHandler ["http-nio-8080"]
Using a shared selector for servlet write/read
Tomcat started on port(s): 8080 (http) with context path '/sell'
Started SellApplication in 25.44 seconds (JVM running for 31.336)
Initializing Spring DispatcherServlet 'dispatcherServlet'
Initializing Servlet 'dispatcherServlet'
Completed initialization in 10 ms
HHH000397: Using ASTQueryTranslatorFactory
Shutting down ExecutorService 'applicationTaskExecutor'
Closing JPA EntityManagerFactory for persistence unit 'default'
HikariPool-1 - Shutdown initiated...
HikariPool-1 - Shutdown completed.
Starting SellApplication on xsshuaideMacBook-Pro.local with PID 3961 (/Users/xsshuai/Documents/work/sell/target/classes started by xsshuai in /Users/xsshuai/Documents/work/sell)
No active profile set, falling back to default profiles: default
Bootstrapping Spring Data repositories in DEFAULT mode.
Finished Spring Data repository scanning in 85ms. Found 4 repository interfaces.
Bean 'org.springframework.transaction.annotation.ProxyTransactionManagementConfiguration' of type [org.springframework.transaction.annotation.ProxyTransactionManagementConfiguration$$EnhancerBySpringCGLIB$$86118c5a] is not eligible for getting processed by all BeanPostProcessors (for example: not eligible for auto-proxying)
Tomcat initialized with port(s): 8080 (http)
Initializing ProtocolHandler ["http-nio-8080"]
Starting service [Tomcat]
Starting Servlet Engine: Apache Tomcat/9.0.12
The APR based Apache Tomcat Native library which allows optimal performance in production environments was not found on the java.library.path: [/Users/xsshuai/Library/Java/Extensions:/Library/Java/Extensions:/Network/Library/Java/Extensions:/System/Library/Java/Extensions:/usr/lib/java:.]
Initializing Spring embedded WebApplicationContext
Root WebApplicationContext: initialization completed in 1543 ms
Servlet dispatcherServlet mapped to [/]
Mapping filter: 'characterEncodingFilter' to: [/*]
Mapping filter: 'hiddenHttpMethodFilter' to: [/*]
Mapping filter: 'formContentFilter' to: [/*]
Mapping filter: 'requestContextFilter' to: [/*]
HikariPool-1 - Starting...
Registered driver with driverClassName=com.mysql.jdbc.Driver was not found, trying direct instantiation.
HikariPool-1 - Start completed.
HHH000204: Processing PersistenceUnitInfo [
	name: default
	...]
HHH000412: Hibernate Core {5.3.7.Final}
HHH000206: hibernate.properties not found
HCANN000001: Hibernate Commons Annotations {5.0.4.Final}
HHH000400: Using dialect: org.hibernate.dialect.MySQL5Dialect
Initialized JPA EntityManagerFactory for persistence unit 'default'
Initializing ExecutorService 'applicationTaskExecutor'
spring.jpa.open-in-view is enabled by default. Therefore, database queries may be performed during view rendering. Explicitly configure spring.jpa.open-in-view to disable this warning
Starting ProtocolHandler ["http-nio-8080"]
Using a shared selector for servlet write/read
Tomcat started on port(s): 8080 (http) with context path '/sell'
Started SellApplication in 25.136 seconds (JVM running for 30.9)
Initializing Spring DispatcherServlet 'dispatcherServlet'
Initializing Servlet 'dispatcherServlet'
Completed initialization in 9 ms
HHH000397: Using ASTQueryTranslatorFactory
Shutting down ExecutorService 'applicationTaskExecutor'
Closing JPA EntityManagerFactory for persistence unit 'default'
HikariPool-1 - Shutdown initiated...
HikariPool-1 - Shutdown completed.
Starting SellApplication on xsshuaideMacBook-Pro.local with PID 3976 (/Users/xsshuai/Documents/work/sell/target/classes started by xsshuai in /Users/xsshuai/Documents/work/sell)
No active profile set, falling back to default profiles: default
Bootstrapping Spring Data repositories in DEFAULT mode.
Finished Spring Data repository scanning in 92ms. Found 4 repository interfaces.
Bean 'org.springframework.transaction.annotation.ProxyTransactionManagementConfiguration' of type [org.springframework.transaction.annotation.ProxyTransactionManagementConfiguration$$EnhancerBySpringCGLIB$$9cd7a1c6] is not eligible for getting processed by all BeanPostProcessors (for example: not eligible for auto-proxying)
Tomcat initialized with port(s): 8080 (http)
Initializing ProtocolHandler ["http-nio-8080"]
Starting service [Tomcat]
Starting Servlet Engine: Apache Tomcat/9.0.12
The APR based Apache Tomcat Native library which allows optimal performance in production environments was not found on the java.library.path: [/Users/xsshuai/Library/Java/Extensions:/Library/Java/Extensions:/Network/Library/Java/Extensions:/System/Library/Java/Extensions:/usr/lib/java:.]
Initializing Spring embedded WebApplicationContext
Root WebApplicationContext: initialization completed in 1597 ms
Servlet dispatcherServlet mapped to [/]
Mapping filter: 'characterEncodingFilter' to: [/*]
Mapping filter: 'hiddenHttpMethodFilter' to: [/*]
Mapping filter: 'formContentFilter' to: [/*]
Mapping filter: 'requestContextFilter' to: [/*]
HikariPool-1 - Starting...
Registered driver with driverClassName=com.mysql.jdbc.Driver was not found, trying direct instantiation.
HikariPool-1 - Start completed.
HHH000204: Processing PersistenceUnitInfo [
	name: default
	...]
HHH000412: Hibernate Core {5.3.7.Final}
HHH000206: hibernate.properties not found
HCANN000001: Hibernate Commons Annotations {5.0.4.Final}
HHH000400: Using dialect: org.hibernate.dialect.MySQL5Dialect
Initialized JPA EntityManagerFactory for persistence unit 'default'
Initializing ExecutorService 'applicationTaskExecutor'
spring.jpa.open-in-view is enabled by default. Therefore, database queries may be performed during view rendering. Explicitly configure spring.jpa.open-in-view to disable this warning
Starting ProtocolHandler ["http-nio-8080"]
Using a shared selector for servlet write/read
Tomcat started on port(s): 8080 (http) with context path '/sell'
Started SellApplication in 25.555 seconds (JVM running for 31.374)
Shutting down ExecutorService 'applicationTaskExecutor'
Closing JPA EntityManagerFactory for persistence unit 'default'
HikariPool-1 - Shutdown initiated...
HikariPool-1 - Shutdown completed.
Starting SellApplication on xsshuaideMacBook-Pro.local with PID 4047 (/Users/xsshuai/Documents/work/sell/target/classes started by xsshuai in /Users/xsshuai/Documents/work/sell)
No active profile set, falling back to default profiles: default
Bootstrapping Spring Data repositories in DEFAULT mode.
Finished Spring Data repository scanning in 94ms. Found 4 repository interfaces.
Bean 'org.springframework.transaction.annotation.ProxyTransactionManagementConfiguration' of type [org.springframework.transaction.annotation.ProxyTransactionManagementConfiguration$$EnhancerBySpringCGLIB$$e57e6973] is not eligible for getting processed by all BeanPostProcessors (for example: not eligible for auto-proxying)
Tomcat initialized with port(s): 8080 (http)
Initializing ProtocolHandler ["http-nio-8080"]
Starting service [Tomcat]
Starting Servlet Engine: Apache Tomcat/9.0.12
The APR based Apache Tomcat Native library which allows optimal performance in production environments was not found on the java.library.path: [/Users/xsshuai/Library/Java/Extensions:/Library/Java/Extensions:/Network/Library/Java/Extensions:/System/Library/Java/Extensions:/usr/lib/java:.]
Initializing Spring embedded WebApplicationContext
Root WebApplicationContext: initialization completed in 1671 ms
Servlet dispatcherServlet mapped to [/]
Mapping filter: 'characterEncodingFilter' to: [/*]
Mapping filter: 'hiddenHttpMethodFilter' to: [/*]
Mapping filter: 'formContentFilter' to: [/*]
Mapping filter: 'requestContextFilter' to: [/*]
HikariPool-1 - Starting...
Registered driver with driverClassName=com.mysql.jdbc.Driver was not found, trying direct instantiation.
HikariPool-1 - Start completed.
HHH000204: Processing PersistenceUnitInfo [
	name: default
	...]
HHH000412: Hibernate Core {5.3.7.Final}
HHH000206: hibernate.properties not found
HCANN000001: Hibernate Commons Annotations {5.0.4.Final}
HHH000400: Using dialect: org.hibernate.dialect.MySQL5Dialect
Initialized JPA EntityManagerFactory for persistence unit 'default'
Initializing ExecutorService 'applicationTaskExecutor'
spring.jpa.open-in-view is enabled by default. Therefore, database queries may be performed during view rendering. Explicitly configure spring.jpa.open-in-view to disable this warning
Starting ProtocolHandler ["http-nio-8080"]
Using a shared selector for servlet write/read
Tomcat started on port(s): 8080 (http) with context path '/sell'
Started SellApplication in 25.784 seconds (JVM running for 31.656)
Initializing Spring DispatcherServlet 'dispatcherServlet'
Initializing Servlet 'dispatcherServlet'
Completed initialization in 10 ms
HHH000397: Using ASTQueryTranslatorFactory
Shutting down ExecutorService 'applicationTaskExecutor'
Closing JPA EntityManagerFactory for persistence unit 'default'
HikariPool-1 - Shutdown initiated...
HikariPool-1 - Shutdown completed.
Starting SellApplication on xsshuaideMacBook-Pro.local with PID 4212 (/Users/xsshuai/Documents/work/sell/target/classes started by xsshuai in /Users/xsshuai/Documents/work/sell)
No active profile set, falling back to default profiles: default
Bootstrapping Spring Data repositories in DEFAULT mode.
Finished Spring Data repository scanning in 96ms. Found 4 repository interfaces.
Bean 'org.springframework.transaction.annotation.ProxyTransactionManagementConfiguration' of type [org.springframework.transaction.annotation.ProxyTransactionManagementConfiguration$$EnhancerBySpringCGLIB$$cf28929c] is not eligible for getting processed by all BeanPostProcessors (for example: not eligible for auto-proxying)
Tomcat initialized with port(s): 8080 (http)
Initializing ProtocolHandler ["http-nio-8080"]
Starting service [Tomcat]
Starting Servlet Engine: Apache Tomcat/9.0.12
The APR based Apache Tomcat Native library which allows optimal performance in production environments was not found on the java.library.path: [/Users/xsshuai/Library/Java/Extensions:/Library/Java/Extensions:/Network/Library/Java/Extensions:/System/Library/Java/Extensions:/usr/lib/java:.]
Initializing Spring embedded WebApplicationContext
Root WebApplicationContext: initialization completed in 1683 ms
Servlet dispatcherServlet mapped to [/]
Mapping filter: 'characterEncodingFilter' to: [/*]
Mapping filter: 'hiddenHttpMethodFilter' to: [/*]
Mapping filter: 'formContentFilter' to: [/*]
Mapping filter: 'requestContextFilter' to: [/*]
HikariPool-1 - Starting...
Registered driver with driverClassName=com.mysql.jdbc.Driver was not found, trying direct instantiation.
HikariPool-1 - Start completed.
HHH000204: Processing PersistenceUnitInfo [
	name: default
	...]
HHH000412: Hibernate Core {5.3.7.Final}
HHH000206: hibernate.properties not found
HCANN000001: Hibernate Commons Annotations {5.0.4.Final}
HHH000400: Using dialect: org.hibernate.dialect.MySQL5Dialect
Initialized JPA EntityManagerFactory for persistence unit 'default'
Initializing ExecutorService 'applicationTaskExecutor'
spring.jpa.open-in-view is enabled by default. Therefore, database queries may be performed during view rendering. Explicitly configure spring.jpa.open-in-view to disable this warning
Starting ProtocolHandler ["http-nio-8080"]
Using a shared selector for servlet write/read
Tomcat started on port(s): 8080 (http) with context path '/sell'
Started SellApplication in 25.8 seconds (JVM running for 31.628)
Initializing Spring DispatcherServlet 'dispatcherServlet'
Initializing Servlet 'dispatcherServlet'
Completed initialization in 10 ms
HHH000397: Using ASTQueryTranslatorFactory
Shutting down ExecutorService 'applicationTaskExecutor'
Closing JPA EntityManagerFactory for persistence unit 'default'
HikariPool-1 - Shutdown initiated...
HikariPool-1 - Shutdown completed.
Starting SellApplication on xsshuaideMacBook-Pro.local with PID 4234 (/Users/xsshuai/Documents/work/sell/target/classes started by xsshuai in /Users/xsshuai/Documents/work/sell)
No active profile set, falling back to default profiles: default
Bootstrapping Spring Data repositories in DEFAULT mode.
Finished Spring Data repository scanning in 98ms. Found 4 repository interfaces.
Bean 'org.springframework.transaction.annotation.ProxyTransactionManagementConfiguration' of type [org.springframework.transaction.annotation.ProxyTransactionManagementConfiguration$$EnhancerBySpringCGLIB$$fdc30a37] is not eligible for getting processed by all BeanPostProcessors (for example: not eligible for auto-proxying)
Tomcat initialized with port(s): 8080 (http)
Initializing ProtocolHandler ["http-nio-8080"]
Starting service [Tomcat]
Starting Servlet Engine: Apache Tomcat/9.0.12
The APR based Apache Tomcat Native library which allows optimal performance in production environments was not found on the java.library.path: [/Users/xsshuai/Library/Java/Extensions:/Library/Java/Extensions:/Network/Library/Java/Extensions:/System/Library/Java/Extensions:/usr/lib/java:.]
Initializing Spring embedded WebApplicationContext
Root WebApplicationContext: initialization completed in 1660 ms
Servlet dispatcherServlet mapped to [/]
Mapping filter: 'characterEncodingFilter' to: [/*]
Mapping filter: 'hiddenHttpMethodFilter' to: [/*]
Mapping filter: 'formContentFilter' to: [/*]
Mapping filter: 'requestContextFilter' to: [/*]
HikariPool-1 - Starting...
Registered driver with driverClassName=com.mysql.jdbc.Driver was not found, trying direct instantiation.
HikariPool-1 - Start completed.
HHH000204: Processing PersistenceUnitInfo [
	name: default
	...]
HHH000412: Hibernate Core {5.3.7.Final}
HHH000206: hibernate.properties not found
HCANN000001: Hibernate Commons Annotations {5.0.4.Final}
HHH000400: Using dialect: org.hibernate.dialect.MySQL5Dialect
Initialized JPA EntityManagerFactory for persistence unit 'default'
Initializing ExecutorService 'applicationTaskExecutor'
spring.jpa.open-in-view is enabled by default. Therefore, database queries may be performed during view rendering. Explicitly configure spring.jpa.open-in-view to disable this warning
Starting ProtocolHandler ["http-nio-8080"]
Using a shared selector for servlet write/read
Tomcat started on port(s): 8080 (http) with context path '/sell'
Started SellApplication in 25.515 seconds (JVM running for 31.429)
Initializing Spring DispatcherServlet 'dispatcherServlet'
Initializing Servlet 'dispatcherServlet'
Completed initialization in 9 ms
Shutting down ExecutorService 'applicationTaskExecutor'
Closing JPA EntityManagerFactory for persistence unit 'default'
HikariPool-1 - Shutdown initiated...
HikariPool-1 - Shutdown completed.
Starting SellApplication on xsshuaideMacBook-Pro.local with PID 4240 (/Users/xsshuai/Documents/work/sell/target/classes started by xsshuai in /Users/xsshuai/Documents/work/sell)
No active profile set, falling back to default profiles: default
Bootstrapping Spring Data repositories in DEFAULT mode.
Finished Spring Data repository scanning in 85ms. Found 4 repository interfaces.
Bean 'org.springframework.transaction.annotation.ProxyTransactionManagementConfiguration' of type [org.springframework.transaction.annotation.ProxyTransactionManagementConfiguration$$EnhancerBySpringCGLIB$$377c319a] is not eligible for getting processed by all BeanPostProcessors (for example: not eligible for auto-proxying)
Tomcat initialized with port(s): 8080 (http)
Initializing ProtocolHandler ["http-nio-8080"]
Starting service [Tomcat]
Starting Servlet Engine: Apache Tomcat/9.0.12
The APR based Apache Tomcat Native library which allows optimal performance in production environments was not found on the java.library.path: [/Users/xsshuai/Library/Java/Extensions:/Library/Java/Extensions:/Network/Library/Java/Extensions:/System/Library/Java/Extensions:/usr/lib/java:.]
Initializing Spring embedded WebApplicationContext
Root WebApplicationContext: initialization completed in 1572 ms
Servlet dispatcherServlet mapped to [/]
Mapping filter: 'characterEncodingFilter' to: [/*]
Mapping filter: 'hiddenHttpMethodFilter' to: [/*]
Mapping filter: 'formContentFilter' to: [/*]
Mapping filter: 'requestContextFilter' to: [/*]
HikariPool-1 - Starting...
Registered driver with driverClassName=com.mysql.jdbc.Driver was not found, trying direct instantiation.
HikariPool-1 - Start completed.
HHH000204: Processing PersistenceUnitInfo [
	name: default
	...]
HHH000412: Hibernate Core {5.3.7.Final}
HHH000206: hibernate.properties not found
HCANN000001: Hibernate Commons Annotations {5.0.4.Final}
HHH000400: Using dialect: org.hibernate.dialect.MySQL5Dialect
Initialized JPA EntityManagerFactory for persistence unit 'default'
Initializing ExecutorService 'applicationTaskExecutor'
spring.jpa.open-in-view is enabled by default. Therefore, database queries may be performed during view rendering. Explicitly configure spring.jpa.open-in-view to disable this warning
Starting ProtocolHandler ["http-nio-8080"]
Using a shared selector for servlet write/read
Tomcat started on port(s): 8080 (http) with context path '/sell'
Started SellApplication in 25.421 seconds (JVM running for 31.215)
Initializing Spring DispatcherServlet 'dispatcherServlet'
Initializing Servlet 'dispatcherServlet'
Completed initialization in 10 ms
HHH000397: Using ASTQueryTranslatorFactory
Shutting down ExecutorService 'applicationTaskExecutor'
Closing JPA EntityManagerFactory for persistence unit 'default'
HikariPool-1 - Shutdown initiated...
HikariPool-1 - Shutdown completed.
Starting SellApplication on xsshuaideMacBook-Pro.local with PID 4260 (/Users/xsshuai/Documents/work/sell/target/classes started by xsshuai in /Users/xsshuai/Documents/work/sell)
No active profile set, falling back to default profiles: default
Bootstrapping Spring Data repositories in DEFAULT mode.
Finished Spring Data repository scanning in 90ms. Found 4 repository interfaces.
Bean 'org.springframework.transaction.annotation.ProxyTransactionManagementConfiguration' of type [org.springframework.transaction.annotation.ProxyTransactionManagementConfiguration$$EnhancerBySpringCGLIB$$5908ccba] is not eligible for getting processed by all BeanPostProcessors (for example: not eligible for auto-proxying)
Tomcat initialized with port(s): 8080 (http)
Initializing ProtocolHandler ["http-nio-8080"]
Starting service [Tomcat]
Starting Servlet Engine: Apache Tomcat/9.0.12
The APR based Apache Tomcat Native library which allows optimal performance in production environments was not found on the java.library.path: [/Users/xsshuai/Library/Java/Extensions:/Library/Java/Extensions:/Network/Library/Java/Extensions:/System/Library/Java/Extensions:/usr/lib/java:.]
Initializing Spring embedded WebApplicationContext
Root WebApplicationContext: initialization completed in 1614 ms
Servlet dispatcherServlet mapped to [/]
Mapping filter: 'characterEncodingFilter' to: [/*]
Mapping filter: 'hiddenHttpMethodFilter' to: [/*]
Mapping filter: 'formContentFilter' to: [/*]
Mapping filter: 'requestContextFilter' to: [/*]
HikariPool-1 - Starting...
Registered driver with driverClassName=com.mysql.jdbc.Driver was not found, trying direct instantiation.
HikariPool-1 - Start completed.
HHH000204: Processing PersistenceUnitInfo [
	name: default
	...]
HHH000412: Hibernate Core {5.3.7.Final}
HHH000206: hibernate.properties not found
HCANN000001: Hibernate Commons Annotations {5.0.4.Final}
HHH000400: Using dialect: org.hibernate.dialect.MySQL5Dialect
Initialized JPA EntityManagerFactory for persistence unit 'default'
Initializing ExecutorService 'applicationTaskExecutor'
spring.jpa.open-in-view is enabled by default. Therefore, database queries may be performed during view rendering. Explicitly configure spring.jpa.open-in-view to disable this warning
Starting ProtocolHandler ["http-nio-8080"]
Using a shared selector for servlet write/read
Tomcat started on port(s): 8080 (http) with context path '/sell'
Started SellApplication in 25.351 seconds (JVM running for 31.205)
Initializing Spring DispatcherServlet 'dispatcherServlet'
Initializing Servlet 'dispatcherServlet'
Completed initialization in 11 ms
HHH000397: Using ASTQueryTranslatorFactory
Shutting down ExecutorService 'applicationTaskExecutor'
Closing JPA EntityManagerFactory for persistence unit 'default'
HikariPool-1 - Shutdown initiated...
HikariPool-1 - Shutdown completed.
Starting SellApplication on xsshuaideMacBook-Pro.local with PID 4273 (/Users/xsshuai/Documents/work/sell/target/classes started by xsshuai in /Users/xsshuai/Documents/work/sell)
No active profile set, falling back to default profiles: default
Bootstrapping Spring Data repositories in DEFAULT mode.
Finished Spring Data repository scanning in 87ms. Found 4 repository interfaces.
Bean 'org.springframework.transaction.annotation.ProxyTransactionManagementConfiguration' of type [org.springframework.transaction.annotation.ProxyTransactionManagementConfiguration$$EnhancerBySpringCGLIB$$e39875a4] is not eligible for getting processed by all BeanPostProcessors (for example: not eligible for auto-proxying)
Tomcat initialized with port(s): 8080 (http)
Initializing ProtocolHandler ["http-nio-8080"]
Starting service [Tomcat]
Starting Servlet Engine: Apache Tomcat/9.0.12
The APR based Apache Tomcat Native library which allows optimal performance in production environments was not found on the java.library.path: [/Users/xsshuai/Library/Java/Extensions:/Library/Java/Extensions:/Network/Library/Java/Extensions:/System/Library/Java/Extensions:/usr/lib/java:.]
Initializing Spring embedded WebApplicationContext
Root WebApplicationContext: initialization completed in 1594 ms
Servlet dispatcherServlet mapped to [/]
Mapping filter: 'characterEncodingFilter' to: [/*]
Mapping filter: 'hiddenHttpMethodFilter' to: [/*]
Mapping filter: 'formContentFilter' to: [/*]
Mapping filter: 'requestContextFilter' to: [/*]
HikariPool-1 - Starting...
Registered driver with driverClassName=com.mysql.jdbc.Driver was not found, trying direct instantiation.
HikariPool-1 - Start completed.
HHH000204: Processing PersistenceUnitInfo [
	name: default
	...]
HHH000412: Hibernate Core {5.3.7.Final}
HHH000206: hibernate.properties not found
HCANN000001: Hibernate Commons Annotations {5.0.4.Final}
HHH000400: Using dialect: org.hibernate.dialect.MySQL5Dialect
Initialized JPA EntityManagerFactory for persistence unit 'default'
Initializing ExecutorService 'applicationTaskExecutor'
spring.jpa.open-in-view is enabled by default. Therefore, database queries may be performed during view rendering. Explicitly configure spring.jpa.open-in-view to disable this warning
Starting ProtocolHandler ["http-nio-8080"]
Using a shared selector for servlet write/read
Tomcat started on port(s): 8080 (http) with context path '/sell'
Started SellApplication in 25.557 seconds (JVM running for 31.395)
Initializing Spring DispatcherServlet 'dispatcherServlet'
Initializing Servlet 'dispatcherServlet'
Completed initialization in 9 ms
HHH000397: Using ASTQueryTranslatorFactory
Shutting down ExecutorService 'applicationTaskExecutor'
Closing JPA EntityManagerFactory for persistence unit 'default'
HikariPool-1 - Shutdown initiated...
HikariPool-1 - Shutdown completed.
Starting SellApplication on xsshuaideMacBook-Pro.local with PID 4280 (/Users/xsshuai/Documents/work/sell/target/classes started by xsshuai in /Users/xsshuai/Documents/work/sell)
No active profile set, falling back to default profiles: default
Bootstrapping Spring Data repositories in DEFAULT mode.
Finished Spring Data repository scanning in 93ms. Found 4 repository interfaces.
Bean 'org.springframework.transaction.annotation.ProxyTransactionManagementConfiguration' of type [org.springframework.transaction.annotation.ProxyTransactionManagementConfiguration$$EnhancerBySpringCGLIB$$64be9294] is not eligible for getting processed by all BeanPostProcessors (for example: not eligible for auto-proxying)
Tomcat initialized with port(s): 8080 (http)
Initializing ProtocolHandler ["http-nio-8080"]
Starting service [Tomcat]
Starting Servlet Engine: Apache Tomcat/9.0.12
The APR based Apache Tomcat Native library which allows optimal performance in production environments was not found on the java.library.path: [/Users/xsshuai/Library/Java/Extensions:/Library/Java/Extensions:/Network/Library/Java/Extensions:/System/Library/Java/Extensions:/usr/lib/java:.]
Initializing Spring embedded WebApplicationContext
Root WebApplicationContext: initialization completed in 1579 ms
Servlet dispatcherServlet mapped to [/]
Mapping filter: 'characterEncodingFilter' to: [/*]
Mapping filter: 'hiddenHttpMethodFilter' to: [/*]
Mapping filter: 'formContentFilter' to: [/*]
Mapping filter: 'requestContextFilter' to: [/*]
HikariPool-1 - Starting...
Registered driver with driverClassName=com.mysql.jdbc.Driver was not found, trying direct instantiation.
HikariPool-1 - Start completed.
HHH000204: Processing PersistenceUnitInfo [
	name: default
	...]
HHH000412: Hibernate Core {5.3.7.Final}
HHH000206: hibernate.properties not found
HCANN000001: Hibernate Commons Annotations {5.0.4.Final}
HHH000400: Using dialect: org.hibernate.dialect.MySQL5Dialect
Initialized JPA EntityManagerFactory for persistence unit 'default'
Initializing ExecutorService 'applicationTaskExecutor'
spring.jpa.open-in-view is enabled by default. Therefore, database queries may be performed during view rendering. Explicitly configure spring.jpa.open-in-view to disable this warning
Starting ProtocolHandler ["http-nio-8080"]
Using a shared selector for servlet write/read
Tomcat started on port(s): 8080 (http) with context path '/sell'
Started SellApplication in 25.455 seconds (JVM running for 31.635)
Initializing Spring DispatcherServlet 'dispatcherServlet'
Initializing Servlet 'dispatcherServlet'
Completed initialization in 10 ms
HHH000397: Using ASTQueryTranslatorFactory
Shutting down ExecutorService 'applicationTaskExecutor'
Closing JPA EntityManagerFactory for persistence unit 'default'
HikariPool-1 - Shutdown initiated...
HikariPool-1 - Shutdown completed.
Starting SellApplication on xsshuaideMacBook-Pro.local with PID 4302 (/Users/xsshuai/Documents/work/sell/target/classes started by xsshuai in /Users/xsshuai/Documents/work/sell)
No active profile set, falling back to default profiles: default
Bootstrapping Spring Data repositories in DEFAULT mode.
Finished Spring Data repository scanning in 109ms. Found 4 repository interfaces.
Bean 'org.springframework.transaction.annotation.ProxyTransactionManagementConfiguration' of type [org.springframework.transaction.annotation.ProxyTransactionManagementConfiguration$$EnhancerBySpringCGLIB$$8d1f9c25] is not eligible for getting processed by all BeanPostProcessors (for example: not eligible for auto-proxying)
Tomcat initialized with port(s): 8080 (http)
Initializing ProtocolHandler ["http-nio-8080"]
Starting service [Tomcat]
Starting Servlet Engine: Apache Tomcat/9.0.12
The APR based Apache Tomcat Native library which allows optimal performance in production environments was not found on the java.library.path: [/Users/xsshuai/Library/Java/Extensions:/Library/Java/Extensions:/Network/Library/Java/Extensions:/System/Library/Java/Extensions:/usr/lib/java:.]
Initializing Spring embedded WebApplicationContext
Root WebApplicationContext: initialization completed in 1808 ms
Servlet dispatcherServlet mapped to [/]
Mapping filter: 'characterEncodingFilter' to: [/*]
Mapping filter: 'hiddenHttpMethodFilter' to: [/*]
Mapping filter: 'formContentFilter' to: [/*]
Mapping filter: 'requestContextFilter' to: [/*]
HikariPool-1 - Starting...
Registered driver with driverClassName=com.mysql.jdbc.Driver was not found, trying direct instantiation.
HikariPool-1 - Start completed.
HHH000204: Processing PersistenceUnitInfo [
	name: default
	...]
HHH000412: Hibernate Core {5.3.7.Final}
HHH000206: hibernate.properties not found
HCANN000001: Hibernate Commons Annotations {5.0.4.Final}
HHH000400: Using dialect: org.hibernate.dialect.MySQL5Dialect
Initialized JPA EntityManagerFactory for persistence unit 'default'
Initializing ExecutorService 'applicationTaskExecutor'
spring.jpa.open-in-view is enabled by default. Therefore, database queries may be performed during view rendering. Explicitly configure spring.jpa.open-in-view to disable this warning
Starting ProtocolHandler ["http-nio-8080"]
Using a shared selector for servlet write/read
Tomcat started on port(s): 8080 (http) with context path '/sell'
Started SellApplication in 26.278 seconds (JVM running for 32.185)
Initializing Spring DispatcherServlet 'dispatcherServlet'
Initializing Servlet 'dispatcherServlet'
Completed initialization in 12 ms
HHH000397: Using ASTQueryTranslatorFactory
Shutting down ExecutorService 'applicationTaskExecutor'
Closing JPA EntityManagerFactory for persistence unit 'default'
HikariPool-1 - Shutdown initiated...
HikariPool-1 - Shutdown completed.
Starting SellApplication on xsshuaideMacBook-Pro.local with PID 4381 (/Users/xsshuai/Documents/work/sell/target/classes started by xsshuai in /Users/xsshuai/Documents/work/sell)
No active profile set, falling back to default profiles: default
Bootstrapping Spring Data repositories in DEFAULT mode.
Finished Spring Data repository scanning in 85ms. Found 4 repository interfaces.
Bean 'org.springframework.transaction.annotation.ProxyTransactionManagementConfiguration' of type [org.springframework.transaction.annotation.ProxyTransactionManagementConfiguration$$EnhancerBySpringCGLIB$$c4eecc9] is not eligible for getting processed by all BeanPostProcessors (for example: not eligible for auto-proxying)
Tomcat initialized with port(s): 8080 (http)
Initializing ProtocolHandler ["http-nio-8080"]
Starting service [Tomcat]
Starting Servlet Engine: Apache Tomcat/9.0.12
The APR based Apache Tomcat Native library which allows optimal performance in production environments was not found on the java.library.path: [/Users/xsshuai/Library/Java/Extensions:/Library/Java/Extensions:/Network/Library/Java/Extensions:/System/Library/Java/Extensions:/usr/lib/java:.]
Initializing Spring embedded WebApplicationContext
Root WebApplicationContext: initialization completed in 1642 ms
Servlet dispatcherServlet mapped to [/]
Mapping filter: 'characterEncodingFilter' to: [/*]
Mapping filter: 'hiddenHttpMethodFilter' to: [/*]
Mapping filter: 'formContentFilter' to: [/*]
Mapping filter: 'requestContextFilter' to: [/*]
HikariPool-1 - Starting...
Registered driver with driverClassName=com.mysql.jdbc.Driver was not found, trying direct instantiation.
HikariPool-1 - Start completed.
HHH000204: Processing PersistenceUnitInfo [
	name: default
	...]
HHH000412: Hibernate Core {5.3.7.Final}
HHH000206: hibernate.properties not found
HCANN000001: Hibernate Commons Annotations {5.0.4.Final}
HHH000400: Using dialect: org.hibernate.dialect.MySQL5Dialect
Initialized JPA EntityManagerFactory for persistence unit 'default'
Initializing ExecutorService 'applicationTaskExecutor'
spring.jpa.open-in-view is enabled by default. Therefore, database queries may be performed during view rendering. Explicitly configure spring.jpa.open-in-view to disable this warning
Starting ProtocolHandler ["http-nio-8080"]
Using a shared selector for servlet write/read
Tomcat started on port(s): 8080 (http) with context path '/sell'
Started SellApplication in 25.763 seconds (JVM running for 31.616)
Initializing Spring DispatcherServlet 'dispatcherServlet'
Initializing Servlet 'dispatcherServlet'
Completed initialization in 10 ms
HHH000397: Using ASTQueryTranslatorFactory
HikariPool-1 - Thread starvation or clock leap detected (housekeeper delta=7m41s8ms).
HikariPool-1 - Failed to validate connection com.mysql.cj.jdbc.ConnectionImpl@50110a58 (No operations allowed after connection closed.). Possibly consider using a shorter maxLifetime value.
HikariPool-1 - Failed to validate connection com.mysql.cj.jdbc.ConnectionImpl@3d7145e7 (No operations allowed after connection closed.). Possibly consider using a shorter maxLifetime value.
HikariPool-1 - Failed to validate connection com.mysql.cj.jdbc.ConnectionImpl@2b85be04 (No operations allowed after connection closed.). Possibly consider using a shorter maxLifetime value.
HikariPool-1 - Failed to validate connection com.mysql.cj.jdbc.ConnectionImpl@42632547 (No operations allowed after connection closed.). Possibly consider using a shorter maxLifetime value.
HikariPool-1 - Failed to validate connection com.mysql.cj.jdbc.ConnectionImpl@713c51d3 (No operations allowed after connection closed.). Possibly consider using a shorter maxLifetime value.
HikariPool-1 - Failed to validate connection com.mysql.cj.jdbc.ConnectionImpl@46d56c6e (No operations allowed after connection closed.). Possibly consider using a shorter maxLifetime value.
HikariPool-1 - Failed to validate connection com.mysql.cj.jdbc.ConnectionImpl@40a68f2e (No operations allowed after connection closed.). Possibly consider using a shorter maxLifetime value.
HikariPool-1 - Failed to validate connection com.mysql.cj.jdbc.ConnectionImpl@1b34d360 (No operations allowed after connection closed.). Possibly consider using a shorter maxLifetime value.
HikariPool-1 - Failed to validate connection com.mysql.cj.jdbc.ConnectionImpl@895bb1c (No operations allowed after connection closed.). Possibly consider using a shorter maxLifetime value.
HikariPool-1 - Failed to validate connection com.mysql.cj.jdbc.ConnectionImpl@65ce007c (No operations allowed after connection closed.). Possibly consider using a shorter maxLifetime value.
Shutting down ExecutorService 'applicationTaskExecutor'
Closing JPA EntityManagerFactory for persistence unit 'default'
HikariPool-1 - Shutdown initiated...
HikariPool-1 - Shutdown completed.
Starting SellApplication on xsshuaideMacBook-Pro.local with PID 5533 (/Users/xsshuai/Documents/work/sell/target/classes started by xsshuai in /Users/xsshuai/Documents/work/sell)
No active profile set, falling back to default profiles: default
Bootstrapping Spring Data repositories in DEFAULT mode.
Finished Spring Data repository scanning in 97ms. Found 4 repository interfaces.
Bean 'org.springframework.transaction.annotation.ProxyTransactionManagementConfiguration' of type [org.springframework.transaction.annotation.ProxyTransactionManagementConfiguration$$EnhancerBySpringCGLIB$$161c708c] is not eligible for getting processed by all BeanPostProcessors (for example: not eligible for auto-proxying)
Tomcat initialized with port(s): 8080 (http)
Initializing ProtocolHandler ["http-nio-8080"]
Starting service [Tomcat]
Starting Servlet Engine: Apache Tomcat/9.0.12
The APR based Apache Tomcat Native library which allows optimal performance in production environments was not found on the java.library.path: [/Users/xsshuai/Library/Java/Extensions:/Library/Java/Extensions:/Network/Library/Java/Extensions:/System/Library/Java/Extensions:/usr/lib/java:.]
Initializing Spring embedded WebApplicationContext
Root WebApplicationContext: initialization completed in 1635 ms
Servlet dispatcherServlet mapped to [/]
Mapping filter: 'characterEncodingFilter' to: [/*]
Mapping filter: 'hiddenHttpMethodFilter' to: [/*]
Mapping filter: 'formContentFilter' to: [/*]
Mapping filter: 'requestContextFilter' to: [/*]
HikariPool-1 - Starting...
Registered driver with driverClassName=com.mysql.jdbc.Driver was not found, trying direct instantiation.
HikariPool-1 - Start completed.
HHH000204: Processing PersistenceUnitInfo [
	name: default
	...]
HHH000412: Hibernate Core {5.3.7.Final}
HHH000206: hibernate.properties not found
HCANN000001: Hibernate Commons Annotations {5.0.4.Final}
HHH000400: Using dialect: org.hibernate.dialect.MySQL5Dialect
Initialized JPA EntityManagerFactory for persistence unit 'default'
Initializing ExecutorService 'applicationTaskExecutor'
spring.jpa.open-in-view is enabled by default. Therefore, database queries may be performed during view rendering. Explicitly configure spring.jpa.open-in-view to disable this warning
Starting ProtocolHandler ["http-nio-8080"]
Using a shared selector for servlet write/read
Tomcat started on port(s): 8080 (http) with context path '/sell'
Started SellApplication in 25.672 seconds (JVM running for 32.126)
Initializing Spring DispatcherServlet 'dispatcherServlet'
Initializing Servlet 'dispatcherServlet'
Completed initialization in 12 ms
HHH000397: Using ASTQueryTranslatorFactory
Shutting down ExecutorService 'applicationTaskExecutor'
Closing JPA EntityManagerFactory for persistence unit 'default'
HikariPool-1 - Shutdown initiated...
HikariPool-1 - Shutdown completed.
Starting SellApplication on xsshuaideMacBook-Pro.local with PID 5573 (/Users/xsshuai/Documents/work/sell/target/classes started by xsshuai in /Users/xsshuai/Documents/work/sell)
No active profile set, falling back to default profiles: default
Bootstrapping Spring Data repositories in DEFAULT mode.
Finished Spring Data repository scanning in 84ms. Found 4 repository interfaces.
Bean 'org.springframework.transaction.annotation.ProxyTransactionManagementConfiguration' of type [org.springframework.transaction.annotation.ProxyTransactionManagementConfiguration$$EnhancerBySpringCGLIB$$a37a7903] is not eligible for getting processed by all BeanPostProcessors (for example: not eligible for auto-proxying)
Tomcat initialized with port(s): 8080 (http)
Initializing ProtocolHandler ["http-nio-8080"]
Starting service [Tomcat]
Starting Servlet Engine: Apache Tomcat/9.0.12
The APR based Apache Tomcat Native library which allows optimal performance in production environments was not found on the java.library.path: [/Users/xsshuai/Library/Java/Extensions:/Library/Java/Extensions:/Network/Library/Java/Extensions:/System/Library/Java/Extensions:/usr/lib/java:.]
Initializing Spring embedded WebApplicationContext
Root WebApplicationContext: initialization completed in 1591 ms
Servlet dispatcherServlet mapped to [/]
Mapping filter: 'characterEncodingFilter' to: [/*]
Mapping filter: 'hiddenHttpMethodFilter' to: [/*]
Mapping filter: 'formContentFilter' to: [/*]
Mapping filter: 'requestContextFilter' to: [/*]
HikariPool-1 - Starting...
Registered driver with driverClassName=com.mysql.jdbc.Driver was not found, trying direct instantiation.
HikariPool-1 - Start completed.
HHH000204: Processing PersistenceUnitInfo [
	name: default
	...]
HHH000412: Hibernate Core {5.3.7.Final}
HHH000206: hibernate.properties not found
HCANN000001: Hibernate Commons Annotations {5.0.4.Final}
HHH000400: Using dialect: org.hibernate.dialect.MySQL5Dialect
Initialized JPA EntityManagerFactory for persistence unit 'default'
Initializing ExecutorService 'applicationTaskExecutor'
spring.jpa.open-in-view is enabled by default. Therefore, database queries may be performed during view rendering. Explicitly configure spring.jpa.open-in-view to disable this warning
Starting ProtocolHandler ["http-nio-8080"]
Using a shared selector for servlet write/read
Tomcat started on port(s): 8080 (http) with context path '/sell'
Started SellApplication in 25.482 seconds (JVM running for 31.328)
Initializing Spring DispatcherServlet 'dispatcherServlet'
Initializing Servlet 'dispatcherServlet'
Completed initialization in 10 ms
HHH000397: Using ASTQueryTranslatorFactory
Resolved [org.springframework.web.HttpRequestMethodNotSupportedException: Request method 'GET' not supported]
Resolved [org.springframework.web.HttpRequestMethodNotSupportedException: Request method 'GET' not supported]
Shutting down ExecutorService 'applicationTaskExecutor'
Closing JPA EntityManagerFactory for persistence unit 'default'
HikariPool-1 - Shutdown initiated...
HikariPool-1 - Shutdown completed.
Starting SellApplication on xsshuaideMacBook-Pro.local with PID 5823 (/Users/xsshuai/Documents/work/sell/target/classes started by xsshuai in /Users/xsshuai/Documents/work/sell)
No active profile set, falling back to default profiles: default
Bootstrapping Spring Data repositories in DEFAULT mode.
Finished Spring Data repository scanning in 452ms. Found 4 repository interfaces.
Bean 'org.springframework.transaction.annotation.ProxyTransactionManagementConfiguration' of type [org.springframework.transaction.annotation.ProxyTransactionManagementConfiguration$$EnhancerBySpringCGLIB$$f6d8131e] is not eligible for getting processed by all BeanPostProcessors (for example: not eligible for auto-proxying)
Tomcat initialized with port(s): 8080 (http)
Initializing ProtocolHandler ["http-nio-8080"]
Starting service [Tomcat]
Starting Servlet Engine: Apache Tomcat/9.0.12
The APR based Apache Tomcat Native library which allows optimal performance in production environments was not found on the java.library.path: [/Users/xsshuai/Library/Java/Extensions:/Library/Java/Extensions:/Network/Library/Java/Extensions:/System/Library/Java/Extensions:/usr/lib/java:.]
Initializing Spring embedded WebApplicationContext
Root WebApplicationContext: initialization completed in 3120 ms
Servlet dispatcherServlet mapped to [/]
Mapping filter: 'characterEncodingFilter' to: [/*]
Mapping filter: 'hiddenHttpMethodFilter' to: [/*]
Mapping filter: 'formContentFilter' to: [/*]
Mapping filter: 'requestContextFilter' to: [/*]
HikariPool-1 - Starting...
Registered driver with driverClassName=com.mysql.jdbc.Driver was not found, trying direct instantiation.
HikariPool-1 - Start completed.
HHH000204: Processing PersistenceUnitInfo [
	name: default
	...]
HHH000412: Hibernate Core {5.3.7.Final}
HHH000206: hibernate.properties not found
HCANN000001: Hibernate Commons Annotations {5.0.4.Final}
HHH000400: Using dialect: org.hibernate.dialect.MySQL5Dialect
Initialized JPA EntityManagerFactory for persistence unit 'default'
Initializing ExecutorService 'applicationTaskExecutor'
spring.jpa.open-in-view is enabled by default. Therefore, database queries may be performed during view rendering. Explicitly configure spring.jpa.open-in-view to disable this warning
Starting ProtocolHandler ["http-nio-8080"]
Using a shared selector for servlet write/read
Tomcat started on port(s): 8080 (http) with context path '/sell'
Started SellApplication in 27.556 seconds (JVM running for 33.554)
Shutting down ExecutorService 'applicationTaskExecutor'
Closing JPA EntityManagerFactory for persistence unit 'default'
HikariPool-1 - Shutdown initiated...
HikariPool-1 - Shutdown completed.
Starting SellApplication on xsshuaideMacBook-Pro.local with PID 5841 (/Users/xsshuai/Documents/work/sell/target/classes started by xsshuai in /Users/xsshuai/Documents/work/sell)
No active profile set, falling back to default profiles: default
Bootstrapping Spring Data repositories in DEFAULT mode.
Finished Spring Data repository scanning in 85ms. Found 4 repository interfaces.
Bean 'org.springframework.transaction.annotation.ProxyTransactionManagementConfiguration' of type [org.springframework.transaction.annotation.ProxyTransactionManagementConfiguration$$EnhancerBySpringCGLIB$$4e072827] is not eligible for getting processed by all BeanPostProcessors (for example: not eligible for auto-proxying)
Tomcat initialized with port(s): 8080 (http)
Initializing ProtocolHandler ["http-nio-8080"]
Starting service [Tomcat]
Starting Servlet Engine: Apache Tomcat/9.0.12
The APR based Apache Tomcat Native library which allows optimal performance in production environments was not found on the java.library.path: [/Users/xsshuai/Library/Java/Extensions:/Library/Java/Extensions:/Network/Library/Java/Extensions:/System/Library/Java/Extensions:/usr/lib/java:.]
Initializing Spring embedded WebApplicationContext
Root WebApplicationContext: initialization completed in 1581 ms
Servlet dispatcherServlet mapped to [/]
Mapping filter: 'characterEncodingFilter' to: [/*]
Mapping filter: 'hiddenHttpMethodFilter' to: [/*]
Mapping filter: 'formContentFilter' to: [/*]
Mapping filter: 'requestContextFilter' to: [/*]
HikariPool-1 - Starting...
Registered driver with driverClassName=com.mysql.jdbc.Driver was not found, trying direct instantiation.
HikariPool-1 - Start completed.
HHH000204: Processing PersistenceUnitInfo [
	name: default
	...]
HHH000412: Hibernate Core {5.3.7.Final}
HHH000206: hibernate.properties not found
HCANN000001: Hibernate Commons Annotations {5.0.4.Final}
HHH000400: Using dialect: org.hibernate.dialect.MySQL5Dialect
Initialized JPA EntityManagerFactory for persistence unit 'default'
Initializing ExecutorService 'applicationTaskExecutor'
spring.jpa.open-in-view is enabled by default. Therefore, database queries may be performed during view rendering. Explicitly configure spring.jpa.open-in-view to disable this warning
Starting ProtocolHandler ["http-nio-8080"]
Using a shared selector for servlet write/read
Tomcat started on port(s): 8080 (http) with context path '/sell'
Started SellApplication in 25.468 seconds (JVM running for 31.233)
Initializing Spring DispatcherServlet 'dispatcherServlet'
Initializing Servlet 'dispatcherServlet'
Completed initialization in 10 ms
HHH000397: Using ASTQueryTranslatorFactory
Shutting down ExecutorService 'applicationTaskExecutor'
Closing JPA EntityManagerFactory for persistence unit 'default'
HikariPool-1 - Shutdown initiated...
HikariPool-1 - Shutdown completed.
Starting SellApplication on xsshuaideMacBook-Pro.local with PID 5985 (/Users/xsshuai/Documents/work/sell/target/classes started by xsshuai in /Users/xsshuai/Documents/work/sell)
No active profile set, falling back to default profiles: default
Bootstrapping Spring Data repositories in DEFAULT mode.
Finished Spring Data repository scanning in 85ms. Found 4 repository interfaces.
Bean 'org.springframework.transaction.annotation.ProxyTransactionManagementConfiguration' of type [org.springframework.transaction.annotation.ProxyTransactionManagementConfiguration$$EnhancerBySpringCGLIB$$f8d1ac53] is not eligible for getting processed by all BeanPostProcessors (for example: not eligible for auto-proxying)
Tomcat initialized with port(s): 8080 (http)
Initializing ProtocolHandler ["http-nio-8080"]
Starting service [Tomcat]
Starting Servlet Engine: Apache Tomcat/9.0.12
The APR based Apache Tomcat Native library which allows optimal performance in production environments was not found on the java.library.path: [/Users/xsshuai/Library/Java/Extensions:/Library/Java/Extensions:/Network/Library/Java/Extensions:/System/Library/Java/Extensions:/usr/lib/java:.]
Initializing Spring embedded WebApplicationContext
Root WebApplicationContext: initialization completed in 1576 ms
Servlet dispatcherServlet mapped to [/]
Mapping filter: 'characterEncodingFilter' to: [/*]
Mapping filter: 'hiddenHttpMethodFilter' to: [/*]
Mapping filter: 'formContentFilter' to: [/*]
Mapping filter: 'requestContextFilter' to: [/*]
HikariPool-1 - Starting...
Registered driver with driverClassName=com.mysql.jdbc.Driver was not found, trying direct instantiation.
HikariPool-1 - Start completed.
HHH000204: Processing PersistenceUnitInfo [
	name: default
	...]
HHH000412: Hibernate Core {5.3.7.Final}
HHH000206: hibernate.properties not found
HCANN000001: Hibernate Commons Annotations {5.0.4.Final}
HHH000400: Using dialect: org.hibernate.dialect.MySQL5Dialect
Initialized JPA EntityManagerFactory for persistence unit 'default'
Initializing ExecutorService 'applicationTaskExecutor'
spring.jpa.open-in-view is enabled by default. Therefore, database queries may be performed during view rendering. Explicitly configure spring.jpa.open-in-view to disable this warning
Starting ProtocolHandler ["http-nio-8080"]
Using a shared selector for servlet write/read
Tomcat started on port(s): 8080 (http) with context path '/sell'
Started SellApplication in 25.625 seconds (JVM running for 31.399)
Initializing Spring DispatcherServlet 'dispatcherServlet'
Initializing Servlet 'dispatcherServlet'
Completed initialization in 10 ms
Shutting down ExecutorService 'applicationTaskExecutor'
Closing JPA EntityManagerFactory for persistence unit 'default'
HikariPool-1 - Shutdown initiated...
HikariPool-1 - Shutdown completed.
Starting SellApplication on xsshuaideMacBook-Pro.local with PID 6023 (/Users/xsshuai/Documents/work/sell/target/classes started by xsshuai in /Users/xsshuai/Documents/work/sell)
No active profile set, falling back to default profiles: default
Bootstrapping Spring Data repositories in DEFAULT mode.
Finished Spring Data repository scanning in 84ms. Found 4 repository interfaces.
Bean 'org.springframework.transaction.annotation.ProxyTransactionManagementConfiguration' of type [org.springframework.transaction.annotation.ProxyTransactionManagementConfiguration$$EnhancerBySpringCGLIB$$669226a4] is not eligible for getting processed by all BeanPostProcessors (for example: not eligible for auto-proxying)
Tomcat initialized with port(s): 8080 (http)
Initializing ProtocolHandler ["http-nio-8080"]
Starting service [Tomcat]
Starting Servlet Engine: Apache Tomcat/9.0.12
The APR based Apache Tomcat Native library which allows optimal performance in production environments was not found on the java.library.path: [/Users/xsshuai/Library/Java/Extensions:/Library/Java/Extensions:/Network/Library/Java/Extensions:/System/Library/Java/Extensions:/usr/lib/java:.]
Initializing Spring embedded WebApplicationContext
Root WebApplicationContext: initialization completed in 1592 ms
Servlet dispatcherServlet mapped to [/]
Mapping filter: 'characterEncodingFilter' to: [/*]
Mapping filter: 'hiddenHttpMethodFilter' to: [/*]
Mapping filter: 'formContentFilter' to: [/*]
Mapping filter: 'requestContextFilter' to: [/*]
HikariPool-1 - Starting...
Registered driver with driverClassName=com.mysql.jdbc.Driver was not found, trying direct instantiation.
HikariPool-1 - Start completed.
HHH000204: Processing PersistenceUnitInfo [
	name: default
	...]
HHH000412: Hibernate Core {5.3.7.Final}
HHH000206: hibernate.properties not found
HCANN000001: Hibernate Commons Annotations {5.0.4.Final}
HHH000400: Using dialect: org.hibernate.dialect.MySQL5Dialect
Initialized JPA EntityManagerFactory for persistence unit 'default'
Initializing ExecutorService 'applicationTaskExecutor'
spring.jpa.open-in-view is enabled by default. Therefore, database queries may be performed during view rendering. Explicitly configure spring.jpa.open-in-view to disable this warning
Starting ProtocolHandler ["http-nio-8080"]
Using a shared selector for servlet write/read
Tomcat started on port(s): 8080 (http) with context path '/sell'
Started SellApplication in 25.468 seconds (JVM running for 31.299)
Initializing Spring DispatcherServlet 'dispatcherServlet'
Initializing Servlet 'dispatcherServlet'
Completed initialization in 10 ms
Shutting down ExecutorService 'applicationTaskExecutor'
Closing JPA EntityManagerFactory for persistence unit 'default'
HikariPool-1 - Shutdown initiated...
HikariPool-1 - Shutdown completed.
Starting SellApplication on xsshuaideMacBook-Pro.local with PID 6039 (/Users/xsshuai/Documents/work/sell/target/classes started by xsshuai in /Users/xsshuai/Documents/work/sell)
No active profile set, falling back to default profiles: default
Bootstrapping Spring Data repositories in DEFAULT mode.
Finished Spring Data repository scanning in 85ms. Found 4 repository interfaces.
Bean 'org.springframework.transaction.annotation.ProxyTransactionManagementConfiguration' of type [org.springframework.transaction.annotation.ProxyTransactionManagementConfiguration$$EnhancerBySpringCGLIB$$95e19d83] is not eligible for getting processed by all BeanPostProcessors (for example: not eligible for auto-proxying)
Tomcat initialized with port(s): 8080 (http)
Initializing ProtocolHandler ["http-nio-8080"]
Starting service [Tomcat]
Starting Servlet Engine: Apache Tomcat/9.0.12
The APR based Apache Tomcat Native library which allows optimal performance in production environments was not found on the java.library.path: [/Users/xsshuai/Library/Java/Extensions:/Library/Java/Extensions:/Network/Library/Java/Extensions:/System/Library/Java/Extensions:/usr/lib/java:.]
Initializing Spring embedded WebApplicationContext
Root WebApplicationContext: initialization completed in 1582 ms
Servlet dispatcherServlet mapped to [/]
Mapping filter: 'characterEncodingFilter' to: [/*]
Mapping filter: 'hiddenHttpMethodFilter' to: [/*]
Mapping filter: 'formContentFilter' to: [/*]
Mapping filter: 'requestContextFilter' to: [/*]
HikariPool-1 - Starting...
Registered driver with driverClassName=com.mysql.jdbc.Driver was not found, trying direct instantiation.
HikariPool-1 - Start completed.
HHH000204: Processing PersistenceUnitInfo [
	name: default
	...]
HHH000412: Hibernate Core {5.3.7.Final}
HHH000206: hibernate.properties not found
HCANN000001: Hibernate Commons Annotations {5.0.4.Final}
HHH000400: Using dialect: org.hibernate.dialect.MySQL5Dialect
Initialized JPA EntityManagerFactory for persistence unit 'default'
Initializing ExecutorService 'applicationTaskExecutor'
spring.jpa.open-in-view is enabled by default. Therefore, database queries may be performed during view rendering. Explicitly configure spring.jpa.open-in-view to disable this warning
Starting ProtocolHandler ["http-nio-8080"]
Using a shared selector for servlet write/read
Tomcat started on port(s): 8080 (http) with context path '/sell'
Started SellApplication in 25.48 seconds (JVM running for 31.322)
Initializing Spring DispatcherServlet 'dispatcherServlet'
Initializing Servlet 'dispatcherServlet'
Completed initialization in 12 ms
SQL Error: 1048, SQLState: 23000
HikariPool-1 - Thread starvation or clock leap detected (housekeeper delta=4m43s941ms).
HikariPool-1 - Thread starvation or clock leap detected (housekeeper delta=1m40s35ms).
SQL Error: 1048, SQLState: 23000
Shutting down ExecutorService 'applicationTaskExecutor'
Closing JPA EntityManagerFactory for persistence unit 'default'
HikariPool-1 - Shutdown initiated...
HikariPool-1 - Shutdown completed.
Starting SellApplication on xsshuaideMacBook-Pro.local with PID 6124 (/Users/xsshuai/Documents/work/sell/target/classes started by xsshuai in /Users/xsshuai/Documents/work/sell)
No active profile set, falling back to default profiles: default
Bootstrapping Spring Data repositories in DEFAULT mode.
Finished Spring Data repository scanning in 96ms. Found 4 repository interfaces.
Bean 'org.springframework.transaction.annotation.ProxyTransactionManagementConfiguration' of type [org.springframework.transaction.annotation.ProxyTransactionManagementConfiguration$$EnhancerBySpringCGLIB$$bd63b1fd] is not eligible for getting processed by all BeanPostProcessors (for example: not eligible for auto-proxying)
Tomcat initialized with port(s): 8080 (http)
Initializing ProtocolHandler ["http-nio-8080"]
Starting service [Tomcat]
Starting Servlet Engine: Apache Tomcat/9.0.12
The APR based Apache Tomcat Native library which allows optimal performance in production environments was not found on the java.library.path: [/Users/xsshuai/Library/Java/Extensions:/Library/Java/Extensions:/Network/Library/Java/Extensions:/System/Library/Java/Extensions:/usr/lib/java:.]
Initializing Spring embedded WebApplicationContext
Root WebApplicationContext: initialization completed in 1636 ms
Servlet dispatcherServlet mapped to [/]
Mapping filter: 'characterEncodingFilter' to: [/*]
Mapping filter: 'hiddenHttpMethodFilter' to: [/*]
Mapping filter: 'formContentFilter' to: [/*]
Mapping filter: 'requestContextFilter' to: [/*]
HikariPool-1 - Starting...
Registered driver with driverClassName=com.mysql.jdbc.Driver was not found, trying direct instantiation.
HikariPool-1 - Start completed.
HHH000204: Processing PersistenceUnitInfo [
	name: default
	...]
HHH000412: Hibernate Core {5.3.7.Final}
HHH000206: hibernate.properties not found
HCANN000001: Hibernate Commons Annotations {5.0.4.Final}
HHH000400: Using dialect: org.hibernate.dialect.MySQL5Dialect
Initialized JPA EntityManagerFactory for persistence unit 'default'
Initializing ExecutorService 'applicationTaskExecutor'
spring.jpa.open-in-view is enabled by default. Therefore, database queries may be performed during view rendering. Explicitly configure spring.jpa.open-in-view to disable this warning
Starting ProtocolHandler ["http-nio-8080"]
Using a shared selector for servlet write/read
Tomcat started on port(s): 8080 (http) with context path '/sell'
Started SellApplication in 25.642 seconds (JVM running for 31.433)
Initializing Spring DispatcherServlet 'dispatcherServlet'
Initializing Servlet 'dispatcherServlet'
Completed initialization in 12 ms
HikariPool-1 - Thread starvation or clock leap detected (housekeeper delta=2m7s860ms).
SQL Error: 1048, SQLState: 23000
SQL Error: 1048, SQLState: 23000
SQL Error: 1048, SQLState: 23000
HikariPool-1 - Thread starvation or clock leap detected (housekeeper delta=46s883ms).
SQL Error: 1048, SQLState: 23000
Shutting down ExecutorService 'applicationTaskExecutor'
Closing JPA EntityManagerFactory for persistence unit 'default'
HikariPool-1 - Shutdown initiated...
HikariPool-1 - Shutdown completed.
Starting SellApplication on xsshuaideMacBook-Pro.local with PID 6175 (/Users/xsshuai/Documents/work/sell/target/classes started by xsshuai in /Users/xsshuai/Documents/work/sell)
No active profile set, falling back to default profiles: default
Bootstrapping Spring Data repositories in DEFAULT mode.
Finished Spring Data repository scanning in 85ms. Found 4 repository interfaces.
Bean 'org.springframework.transaction.annotation.ProxyTransactionManagementConfiguration' of type [org.springframework.transaction.annotation.ProxyTransactionManagementConfiguration$$EnhancerBySpringCGLIB$$20dd94d] is not eligible for getting processed by all BeanPostProcessors (for example: not eligible for auto-proxying)
Tomcat initialized with port(s): 8080 (http)
Initializing ProtocolHandler ["http-nio-8080"]
Starting service [Tomcat]
Starting Servlet Engine: Apache Tomcat/9.0.12
The APR based Apache Tomcat Native library which allows optimal performance in production environments was not found on the java.library.path: [/Users/xsshuai/Library/Java/Extensions:/Library/Java/Extensions:/Network/Library/Java/Extensions:/System/Library/Java/Extensions:/usr/lib/java:.]
Initializing Spring embedded WebApplicationContext
Root WebApplicationContext: initialization completed in 1640 ms
Servlet dispatcherServlet mapped to [/]
Mapping filter: 'characterEncodingFilter' to: [/*]
Mapping filter: 'hiddenHttpMethodFilter' to: [/*]
Mapping filter: 'formContentFilter' to: [/*]
Mapping filter: 'requestContextFilter' to: [/*]
HikariPool-1 - Starting...
Registered driver with driverClassName=com.mysql.jdbc.Driver was not found, trying direct instantiation.
HikariPool-1 - Start completed.
HHH000204: Processing PersistenceUnitInfo [
	name: default
	...]
HHH000412: Hibernate Core {5.3.7.Final}
HHH000206: hibernate.properties not found
HCANN000001: Hibernate Commons Annotations {5.0.4.Final}
HHH000400: Using dialect: org.hibernate.dialect.MySQL5Dialect
Initialized JPA EntityManagerFactory for persistence unit 'default'
Initializing ExecutorService 'applicationTaskExecutor'
spring.jpa.open-in-view is enabled by default. Therefore, database queries may be performed during view rendering. Explicitly configure spring.jpa.open-in-view to disable this warning
Starting ProtocolHandler ["http-nio-8080"]
Using a shared selector for servlet write/read
Tomcat started on port(s): 8080 (http) with context path '/sell'
Started SellApplication in 25.625 seconds (JVM running for 31.469)
Initializing Spring DispatcherServlet 'dispatcherServlet'
Initializing Servlet 'dispatcherServlet'
Completed initialization in 9 ms
SQL Error: 1048, SQLState: 23000
HikariPool-1 - Thread starvation or clock leap detected (housekeeper delta=3m22s970ms).
HikariPool-1 - Thread starvation or clock leap detected (housekeeper delta=1m23s673ms).
HikariPool-1 - Thread starvation or clock leap detected (housekeeper delta=1m14s440ms).
SQL Error: 1048, SQLState: 23000
Shutting down ExecutorService 'applicationTaskExecutor'
Closing JPA EntityManagerFactory for persistence unit 'default'
HikariPool-1 - Shutdown initiated...
HikariPool-1 - Shutdown completed.
